# JRE version: Java(TM) SE Runtime Environment (7.0_71-b14) (build 1.7.0_71-b14)
# Java VM: Java HotSpot(TM) 64-Bit Server VM (24.71-b01 mixed mode windows-amd64 compressed oops)
Heap
 PSYoungGen      total 255488K, used 47549K [0x00000000eb000000, 0x00000000ffc80000, 0x0000000100000000)
  eden space 171008K, 24% used [0x00000000eb000000,0x00000000ed8f3428,0x00000000f5700000)
  from space 84480K, 6% used [0x00000000f5700000,0x00000000f5c7c260,0x00000000fa980000)
  to   space 81920K, 0% used [0x00000000fac80000,0x00000000fac80000,0x00000000ffc80000)
 ParOldGen       total 169472K, used 36679K [0x00000000c1000000, 0x00000000cb580000, 0x00000000eb000000)
  object space 169472K, 21% used [0x00000000c1000000,0x00000000c33d1f08,0x00000000cb580000)
 PSPermGen       total 189440K, used 121854K [0x00000000b1000000, 0x00000000bc900000, 0x00000000c1000000)
  object space 189440K, 64% used [0x00000000b1000000,0x00000000b86ffaa0,0x00000000bc900000)
GC Heap History (10 events):
Event: 199.715 GC heap before
{Heap before GC invocations=31 (full 4):
 PSYoungGen      total 244736K, used 203981K [0x00000000eb000000, 0x0000000100000000, 0x0000000100000000)
  eden space 156160K, 100% used [0x00000000eb000000,0x00000000f4880000,0x00000000f4880000)
  from space 88576K, 53% used [0x00000000f9e80000,0x00000000fcd33748,0x00000000ff500000)
  to   space 88064K, 0% used [0x00000000f4880000,0x00000000f4880000,0x00000000f9e80000)
 ParOldGen       total 169472K, used 36679K [0x00000000c1000000, 0x00000000cb580000, 0x00000000eb000000)
  object space 169472K, 21% used [0x00000000c1000000,0x00000000c33d1f08,0x00000000cb580000)
 PSPermGen       total 189440K, used 120506K [0x00000000b1000000, 0x00000000bc900000, 0x00000000c1000000)
  object space 189440K, 63% used [0x00000000b1000000,0x00000000b85ae8f0,0x00000000bc900000)
Event: 199.730 GC heap after
Heap after GC invocations=31 (full 4):
 PSYoungGen      total 244224K, used 4272K [0x00000000eb000000, 0x0000000100000000, 0x0000000100000000)
  eden space 156160K, 0% used [0x00000000eb000000,0x00000000eb000000,0x00000000f4880000)
  from space 88064K, 4% used [0x00000000f4880000,0x00000000f4cac018,0x00000000f9e80000)
  to   space 88576K, 0% used [0x00000000fa980000,0x00000000fa980000,0x0000000100000000)
 ParOldGen       total 169472K, used 36679K [0x00000000c1000000, 0x00000000cb580000, 0x00000000eb000000)
  object space 169472K, 21% used [0x00000000c1000000,0x00000000c33d1f08,0x00000000cb580000)
 PSPermGen       total 189440K, used 120506K [0x00000000b1000000, 0x00000000bc900000, 0x00000000c1000000)
  object space 189440K, 63% used [0x00000000b1000000,0x00000000b85ae8f0,0x00000000bc900000)
}
Event: 204.589 GC heap before
{Heap before GC invocations=32 (full 4):
 PSYoungGen      total 244224K, used 160432K [0x00000000eb000000, 0x0000000100000000, 0x0000000100000000)
  eden space 156160K, 100% used [0x00000000eb000000,0x00000000f4880000,0x00000000f4880000)
  from space 88064K, 4% used [0x00000000f4880000,0x00000000f4cac018,0x00000000f9e80000)
  to   space 88576K, 0% used [0x00000000fa980000,0x00000000fa980000,0x0000000100000000)
 ParOldGen       total 169472K, used 36679K [0x00000000c1000000, 0x00000000cb580000, 0x00000000eb000000)
  object space 169472K, 21% used [0x00000000c1000000,0x00000000c33d1f08,0x00000000cb580000)
 PSPermGen       total 189440K, used 121341K [0x00000000b1000000, 0x00000000bc900000, 0x00000000c1000000)
  object space 189440K, 64% used [0x00000000b1000000,0x00000000b867f5f8,0x00000000bc900000)
Event: 204.615 GC heap after
Heap after GC invocations=32 (full 4):
 PSYoungGen      total 253440K, used 9538K [0x00000000eb000000, 0x00000000ffd80000, 0x0000000100000000)
  eden space 167424K, 0% used [0x00000000eb000000,0x00000000eb000000,0x00000000f5380000)
  from space 86016K, 11% used [0x00000000fa980000,0x00000000fb2d0868,0x00000000ffd80000)
  to   space 87040K, 0% used [0x00000000f5380000,0x00000000f5380000,0x00000000fa880000)
 ParOldGen       total 169472K, used 36679K [0x00000000c1000000, 0x00000000cb580000, 0x00000000eb000000)
  object space 169472K, 21% used [0x00000000c1000000,0x00000000c33d1f08,0x00000000cb580000)
 PSPermGen       total 189440K, used 121341K [0x00000000b1000000, 0x00000000bc900000, 0x00000000c1000000)
  object space 189440K, 64% used [0x00000000b1000000,0x00000000b867f5f8,0x00000000bc900000)
}
Event: 204.749 GC heap before
{Heap before GC invocations=33 (full 4):
 PSYoungGen      total 253440K, used 176962K [0x00000000eb000000, 0x00000000ffd80000, 0x0000000100000000)
  eden space 167424K, 100% used [0x00000000eb000000,0x00000000f5380000,0x00000000f5380000)
  from space 86016K, 11% used [0x00000000fa980000,0x00000000fb2d0868,0x00000000ffd80000)
  to   space 87040K, 0% used [0x00000000f5380000,0x00000000f5380000,0x00000000fa880000)
 ParOldGen       total 169472K, used 36679K [0x00000000c1000000, 0x00000000cb580000, 0x00000000eb000000)
  object space 169472K, 21% used [0x00000000c1000000,0x00000000c33d1f08,0x00000000cb580000)
 PSPermGen       total 189440K, used 121341K [0x00000000b1000000, 0x00000000bc900000, 0x00000000c1000000)
  object space 189440K, 64% used [0x00000000b1000000,0x00000000b867f6c8,0x00000000bc900000)
Event: 204.757 GC heap after
Heap after GC invocations=33 (full 4):
 PSYoungGen      total 254464K, used 2560K [0x00000000eb000000, 0x00000000fff00000, 0x0000000100000000)
  eden space 167424K, 0% used [0x00000000eb000000,0x00000000eb000000,0x00000000f5380000)
  from space 87040K, 2% used [0x00000000f5380000,0x00000000f5600000,0x00000000fa880000)
  to   space 86016K, 0% used [0x00000000fab00000,0x00000000fab00000,0x00000000fff00000)
 ParOldGen       total 169472K, used 36679K [0x00000000c1000000, 0x00000000cb580000, 0x00000000eb000000)
  object space 169472K, 21% used [0x00000000c1000000,0x00000000c33d1f08,0x00000000cb580000)
 PSPermGen       total 189440K, used 121341K [0x00000000b1000000, 0x00000000bc900000, 0x00000000c1000000)
  object space 189440K, 64% used [0x00000000b1000000,0x00000000b867f6c8,0x00000000bc900000)
}
Event: 220.996 GC heap before
{Heap before GC invocations=34 (full 4):
 PSYoungGen      total 254464K, used 169984K [0x00000000eb000000, 0x00000000fff00000, 0x0000000100000000)
  eden space 167424K, 100% used [0x00000000eb000000,0x00000000f5380000,0x00000000f5380000)
  from space 87040K, 2% used [0x00000000f5380000,0x00000000f5600000,0x00000000fa880000)
  to   space 86016K, 0% used [0x00000000fab00000,0x00000000fab00000,0x00000000fff00000)
 ParOldGen       total 169472K, used 36679K [0x00000000c1000000, 0x00000000cb580000, 0x00000000eb000000)
  object space 169472K, 21% used [0x00000000c1000000,0x00000000c33d1f08,0x00000000cb580000)
 PSPermGen       total 189440K, used 121768K [0x00000000b1000000, 0x00000000bc900000, 0x00000000c1000000)
  object space 189440K, 64% used [0x00000000b1000000,0x00000000b86ea230,0x00000000bc900000)
Event: 221.011 GC heap after
Heap after GC invocations=34 (full 4):
 PSYoungGen      total 253952K, used 3776K [0x00000000eb000000, 0x00000000ffc00000, 0x0000000100000000)
  eden space 171008K, 0% used [0x00000000eb000000,0x00000000eb000000,0x00000000f5700000)
  from space 82944K, 4% used [0x00000000fab00000,0x00000000faeb00c0,0x00000000ffc00000)
  to   space 84480K, 0% used [0x00000000f5700000,0x00000000f5700000,0x00000000fa980000)
 ParOldGen       total 169472K, used 36679K [0x00000000c1000000, 0x00000000cb580000, 0x00000000eb000000)
  object space 169472K, 21% used [0x00000000c1000000,0x00000000c33d1f08,0x00000000cb580000)
 PSPermGen       total 189440K, used 121768K [0x00000000b1000000, 0x00000000bc900000, 0x00000000c1000000)
  object space 189440K, 64% used [0x00000000b1000000,0x00000000b86ea230,0x00000000bc900000)
}
Event: 248.170 GC heap before
{Heap before GC invocations=35 (full 4):
 PSYoungGen      total 253952K, used 174784K [0x00000000eb000000, 0x00000000ffc00000, 0x0000000100000000)
  eden space 171008K, 100% used [0x00000000eb000000,0x00000000f5700000,0x00000000f5700000)
  from space 82944K, 4% used [0x00000000fab00000,0x00000000faeb00c0,0x00000000ffc00000)
  to   space 84480K, 0% used [0x00000000f5700000,0x00000000f5700000,0x00000000fa980000)
 ParOldGen       total 169472K, used 36679K [0x00000000c1000000, 0x00000000cb580000, 0x00000000eb000000)
  object space 169472K, 21% used [0x00000000c1000000,0x00000000c33d1f08,0x00000000cb580000)
 PSPermGen       total 189440K, used 121785K [0x00000000b1000000, 0x00000000bc900000, 0x00000000c1000000)
  object space 189440K, 64% used [0x00000000b1000000,0x00000000b86ee4a0,0x00000000bc900000)
Event: 248.184 GC heap after
Heap after GC invocations=35 (full 4):
 PSYoungGen      total 255488K, used 5616K [0x00000000eb000000, 0x00000000ffc80000, 0x0000000100000000)
  eden space 171008K, 0% used [0x00000000eb000000,0x00000000eb000000,0x00000000f5700000)
  from space 84480K, 6% used [0x00000000f5700000,0x00000000f5c7c260,0x00000000fa980000)
  to   space 81920K, 0% used [0x00000000fac80000,0x00000000fac80000,0x00000000ffc80000)
 ParOldGen       total 169472K, used 36679K [0x00000000c1000000, 0x00000000cb580000, 0x00000000eb000000)
  object space 169472K, 21% used [0x00000000c1000000,0x00000000c33d1f08,0x00000000cb580000)
 PSPermGen       total 189440K, used 121785K [0x00000000b1000000, 0x00000000bc900000, 0x00000000c1000000)
  object space 189440K, 64% used [0x00000000b1000000,0x00000000b86ee4a0,0x00000000bc900000)
}

