# JRE version: Java(TM) SE Runtime Environment (7.0_71-b14) (build 1.7.0_71-b14)
# Java VM: Java HotSpot(TM) 64-Bit Server VM (24.71-b01 mixed mode windows-amd64 compressed oops)
Heap
 PSYoungGen      total 6656K, used 2169K [0x00000000eb000000, 0x00000000eb700000, 0x0000000100000000)
  eden space 6144K, 27% used [0x00000000eb000000,0x00000000eb1a2230,0x00000000eb600000)
  from space 512K, 96% used [0x00000000eb600000,0x00000000eb67c1d0,0x00000000eb680000)
  to   space 512K, 0% used [0x00000000eb680000,0x00000000eb680000,0x00000000eb700000)
 ParOldGen       total 5632K, used 2450K [0x00000000c1000000, 0x00000000c1580000, 0x00000000eb000000)
  object space 5632K, 43% used [0x00000000c1000000,0x00000000c1264918,0x00000000c1580000)
 PSPermGen       total 21504K, used 6499K [0x00000000bbe00000, 0x00000000bd300000, 0x00000000c1000000)
  object space 21504K, 30% used [0x00000000bbe00000,0x00000000bc458c08,0x00000000bd300000)
GC Heap History (8 events):
Event: 0.282 GC heap before
{Heap before GC invocations=1 (full 0):
 PSYoungGen      total 3584K, used 3072K [0x00000000eb000000, 0x00000000eb400000, 0x0000000100000000)
  eden space 3072K, 100% used [0x00000000eb000000,0x00000000eb300000,0x00000000eb300000)
  from space 512K, 0% used [0x00000000eb380000,0x00000000eb380000,0x00000000eb400000)
  to   space 512K, 0% used [0x00000000eb300000,0x00000000eb300000,0x00000000eb380000)
 ParOldGen       total 5632K, used 0K [0x00000000c1000000, 0x00000000c1580000, 0x00000000eb000000)
  object space 5632K, 0% used [0x00000000c1000000,0x00000000c1000000,0x00000000c1580000)
 PSPermGen       total 21504K, used 3814K [0x00000000bbe00000, 0x00000000bd300000, 0x00000000c1000000)
  object space 21504K, 17% used [0x00000000bbe00000,0x00000000bc1b9828,0x00000000bd300000)
Event: 0.285 GC heap after
Heap after GC invocations=1 (full 0):
 PSYoungGen      total 3584K, used 496K [0x00000000eb000000, 0x00000000eb400000, 0x0000000100000000)
  eden space 3072K, 0% used [0x00000000eb000000,0x00000000eb000000,0x00000000eb300000)
  from space 512K, 96% used [0x00000000eb300000,0x00000000eb37c020,0x00000000eb380000)
  to   space 512K, 0% used [0x00000000eb380000,0x00000000eb380000,0x00000000eb400000)
 ParOldGen       total 5632K, used 240K [0x00000000c1000000, 0x00000000c1580000, 0x00000000eb000000)
  object space 5632K, 4% used [0x00000000c1000000,0x00000000c103c010,0x00000000c1580000)
 PSPermGen       total 21504K, used 3814K [0x00000000bbe00000, 0x00000000bd300000, 0x00000000c1000000)
  object space 21504K, 17% used [0x00000000bbe00000,0x00000000bc1b9828,0x00000000bd300000)
}
Event: 0.486 GC heap before
{Heap before GC invocations=2 (full 0):
 PSYoungGen      total 3584K, used 3568K [0x00000000eb000000, 0x00000000eb400000, 0x0000000100000000)
  eden space 3072K, 100% used [0x00000000eb000000,0x00000000eb300000,0x00000000eb300000)
  from space 512K, 96% used [0x00000000eb300000,0x00000000eb37c020,0x00000000eb380000)
  to   space 512K, 0% used [0x00000000eb380000,0x00000000eb380000,0x00000000eb400000)
 ParOldGen       total 5632K, used 240K [0x00000000c1000000, 0x00000000c1580000, 0x00000000eb000000)
  object space 5632K, 4% used [0x00000000c1000000,0x00000000c103c010,0x00000000c1580000)
 PSPermGen       total 21504K, used 4957K [0x00000000bbe00000, 0x00000000bd300000, 0x00000000c1000000)
  object space 21504K, 23% used [0x00000000bbe00000,0x00000000bc2d7448,0x00000000bd300000)
Event: 0.496 GC heap after
Heap after GC invocations=2 (full 0):
 PSYoungGen      total 3584K, used 496K [0x00000000eb000000, 0x00000000eb700000, 0x0000000100000000)
  eden space 3072K, 0% used [0x00000000eb000000,0x00000000eb000000,0x00000000eb300000)
  from space 512K, 96% used [0x00000000eb380000,0x00000000eb3fc1d0,0x00000000eb400000)
  to   space 512K, 0% used [0x00000000eb300000,0x00000000eb300000,0x00000000eb380000)
 ParOldGen       total 5632K, used 464K [0x00000000c1000000, 0x00000000c1580000, 0x00000000eb000000)
  object space 5632K, 8% used [0x00000000c1000000,0x00000000c1074020,0x00000000c1580000)
 PSPermGen       total 21504K, used 4957K [0x00000000bbe00000, 0x00000000bd300000, 0x00000000c1000000)
  object space 21504K, 23% used [0x00000000bbe00000,0x00000000bc2d7448,0x00000000bd300000)
}
Event: 0.997 GC heap before
{Heap before GC invocations=3 (full 0):
 PSYoungGen      total 3584K, used 3568K [0x00000000eb000000, 0x00000000eb700000, 0x0000000100000000)
  eden space 3072K, 100% used [0x00000000eb000000,0x00000000eb300000,0x00000000eb300000)
  from space 512K, 96% used [0x00000000eb380000,0x00000000eb3fc1d0,0x00000000eb400000)
  to   space 512K, 0% used [0x00000000eb300000,0x00000000eb300000,0x00000000eb380000)
 ParOldGen       total 5632K, used 464K [0x00000000c1000000, 0x00000000c1580000, 0x00000000eb000000)
  object space 5632K, 8% used [0x00000000c1000000,0x00000000c1074020,0x00000000c1580000)
 PSPermGen       total 21504K, used 5968K [0x00000000bbe00000, 0x00000000bd300000, 0x00000000c1000000)
  object space 21504K, 27% used [0x00000000bbe00000,0x00000000bc3d40c0,0x00000000bd300000)
Event: 1.003 GC heap after
Heap after GC invocations=3 (full 0):
 PSYoungGen      total 3584K, used 496K [0x00000000eb000000, 0x00000000eb700000, 0x0000000100000000)
  eden space 3072K, 0% used [0x00000000eb000000,0x00000000eb000000,0x00000000eb300000)
  from space 512K, 96% used [0x00000000eb300000,0x00000000eb37c1d0,0x00000000eb380000)
  to   space 512K, 0% used [0x00000000eb680000,0x00000000eb680000,0x00000000eb700000)
 ParOldGen       total 5632K, used 1040K [0x00000000c1000000, 0x00000000c1580000, 0x00000000eb000000)
  object space 5632K, 18% used [0x00000000c1000000,0x00000000c1104098,0x00000000c1580000)
 PSPermGen       total 21504K, used 5968K [0x00000000bbe00000, 0x00000000bd300000, 0x00000000c1000000)
  object space 21504K, 27% used [0x00000000bbe00000,0x00000000bc3d40c0,0x00000000bd300000)
}
Event: 1.075 GC heap before
{Heap before GC invocations=4 (full 0):
 PSYoungGen      total 3584K, used 3566K [0x00000000eb000000, 0x00000000eb700000, 0x0000000100000000)
  eden space 3072K, 99% used [0x00000000eb000000,0x00000000eb2ff988,0x00000000eb300000)
  from space 512K, 96% used [0x00000000eb300000,0x00000000eb37c1d0,0x00000000eb380000)
  to   space 512K, 0% used [0x00000000eb680000,0x00000000eb680000,0x00000000eb700000)
 ParOldGen       total 5632K, used 1040K [0x00000000c1000000, 0x00000000c1580000, 0x00000000eb000000)
  object space 5632K, 18% used [0x00000000c1000000,0x00000000c1104098,0x00000000c1580000)
 PSPermGen       total 21504K, used 5969K [0x00000000bbe00000, 0x00000000bd300000, 0x00000000c1000000)
  object space 21504K, 27% used [0x00000000bbe00000,0x00000000bc3d4580,0x00000000bd300000)
Event: 1.080 GC heap after
Heap after GC invocations=4 (full 0):
 PSYoungGen      total 6656K, used 496K [0x00000000eb000000, 0x00000000eb700000, 0x0000000100000000)
  eden space 6144K, 0% used [0x00000000eb000000,0x00000000eb000000,0x00000000eb600000)
  from space 512K, 96% used [0x00000000eb680000,0x00000000eb6fc1d0,0x00000000eb700000)
  to   space 512K, 0% used [0x00000000eb600000,0x00000000eb600000,0x00000000eb680000)
 ParOldGen       total 5632K, used 1384K [0x00000000c1000000, 0x00000000c1580000, 0x00000000eb000000)
  object space 5632K, 24% used [0x00000000c1000000,0x00000000c115a180,0x00000000c1580000)
 PSPermGen       total 21504K, used 5969K [0x00000000bbe00000, 0x00000000bd300000, 0x00000000c1000000)
  object space 21504K, 27% used [0x00000000bbe00000,0x00000000bc3d4580,0x00000000bd300000)
}

